This is pdfTeX, Version 3.14159265-2.6-1.40.18 (TeX Live 2017/Debian) (preloaded format=pdflatex 2020.4.25)  19 NOV 2020 16:34
entering extended mode
 restricted \write18 enabled.
 %&-line parsing enabled.
**p2.txt
(./p2.txt
LaTeX2e <2017-04-15>
Babel <3.18> and hyphenation patterns for 84 language(s) loaded.
(/usr/share/texlive/texmf-dist/tex/latex/base/article.cls
Document Class: article 2014/09/29 v1.4h Standard LaTeX document class
(/usr/share/texlive/texmf-dist/tex/latex/base/size10.clo
File: size10.clo 2014/09/29 v1.4h Standard LaTeX file (size option)
)
\c@part=\count79
\c@section=\count80
\c@subsection=\count81
\c@subsubsection=\count82
\c@paragraph=\count83
\c@subparagraph=\count84
\c@figure=\count85
\c@table=\count86
\abovecaptionskip=\skip41
\belowcaptionskip=\skip42
\bibindent=\dimen102
)
(/usr/share/texlive/texmf-dist/tex/latex/changepage/changepage.sty
Package: changepage 2009/10/20 v1.0c check page and change page layout
\c@cp@cntr=\count87
\cp@tempcnt=\count88
)
(/usr/share/texlive/texmf-dist/tex/latex/amsmath/amsmath.sty
Package: amsmath 2017/09/02 v2.17a AMS math features
\@mathmargin=\skip43

For additional information on amsmath, use the `?' option.
(/usr/share/texlive/texmf-dist/tex/latex/amsmath/amstext.sty
Package: amstext 2000/06/29 v2.01 AMS text

(/usr/share/texlive/texmf-dist/tex/latex/amsmath/amsgen.sty
File: amsgen.sty 1999/11/30 v2.0 generic functions
\@emptytoks=\toks14
\ex@=\dimen103
))
(/usr/share/texlive/texmf-dist/tex/latex/amsmath/amsbsy.sty
Package: amsbsy 1999/11/29 v1.2d Bold Symbols
\pmbraise@=\dimen104
)
(/usr/share/texlive/texmf-dist/tex/latex/amsmath/amsopn.sty
Package: amsopn 2016/03/08 v2.02 operator names
)
\inf@bad=\count89
LaTeX Info: Redefining \frac on input line 213.
\uproot@=\count90
\leftroot@=\count91
LaTeX Info: Redefining \overline on input line 375.
\classnum@=\count92
\DOTSCASE@=\count93
LaTeX Info: Redefining \ldots on input line 472.
LaTeX Info: Redefining \dots on input line 475.
LaTeX Info: Redefining \cdots on input line 596.
\Mathstrutbox@=\box26
\strutbox@=\box27
\big@size=\dimen105
LaTeX Font Info:    Redeclaring font encoding OML on input line 712.
LaTeX Font Info:    Redeclaring font encoding OMS on input line 713.
\macc@depth=\count94
\c@MaxMatrixCols=\count95
\dotsspace@=\muskip10
\c@parentequation=\count96
\dspbrk@lvl=\count97
\tag@help=\toks15
\row@=\count98
\column@=\count99
\maxfields@=\count100
\andhelp@=\toks16
\eqnshift@=\dimen106
\alignsep@=\dimen107
\tagshift@=\dimen108
\tagwidth@=\dimen109
\totwidth@=\dimen110
\lineht@=\dimen111
\@envbody=\toks17
\multlinegap=\skip44
\multlinetaggap=\skip45
\mathdisplay@stack=\toks18
LaTeX Info: Redefining \[ on input line 2817.
LaTeX Info: Redefining \] on input line 2818.
)
(/usr/share/texlive/texmf-dist/tex/latex/psnfss/mathpazo.sty
Package: mathpazo 2005/04/12 PSNFSS-v9.2a Palatino w/ Pazo Math (D.Puga, WaS) 
\symupright=\mathgroup4
)
(/usr/share/texlive/texmf-dist/tex/latex/pgf/frontendlayer/tikz.sty
(/usr/share/texlive/texmf-dist/tex/latex/pgf/basiclayer/pgf.sty
(/usr/share/texlive/texmf-dist/tex/latex/pgf/utilities/pgfrcs.sty
(/usr/share/texlive/texmf-dist/tex/generic/pgf/utilities/pgfutil-common.tex
\pgfutil@everybye=\toks19
\pgfutil@tempdima=\dimen112
\pgfutil@tempdimb=\dimen113

(/usr/share/texlive/texmf-dist/tex/generic/pgf/utilities/pgfutil-common-lists.t
ex)) (/usr/share/texlive/texmf-dist/tex/generic/pgf/utilities/pgfutil-latex.def
\pgfutil@abb=\box28
(/usr/share/texlive/texmf-dist/tex/latex/ms/everyshi.sty
Package: everyshi 2001/05/15 v3.00 EveryShipout Package (MS)
))
(/usr/share/texlive/texmf-dist/tex/generic/pgf/utilities/pgfrcs.code.tex
Package: pgfrcs 2015/08/07 v3.0.1a (rcs-revision 1.31)
))
Package: pgf 2015/08/07 v3.0.1a (rcs-revision 1.15)

(/usr/share/texlive/texmf-dist/tex/latex/pgf/basiclayer/pgfcore.sty
(/usr/share/texlive/texmf-dist/tex/latex/graphics/graphicx.sty
Package: graphicx 2017/06/01 v1.1a Enhanced LaTeX Graphics (DPC,SPQR)

(/usr/share/texlive/texmf-dist/tex/latex/graphics/keyval.sty
Package: keyval 2014/10/28 v1.15 key=value parser (DPC)
\KV@toks@=\toks20
)
(/usr/share/texlive/texmf-dist/tex/latex/graphics/graphics.sty
Package: graphics 2017/06/25 v1.2c Standard LaTeX Graphics (DPC,SPQR)

(/usr/share/texlive/texmf-dist/tex/latex/graphics/trig.sty
Package: trig 2016/01/03 v1.10 sin cos tan (DPC)
)
(/usr/share/texlive/texmf-dist/tex/latex/graphics-cfg/graphics.cfg
File: graphics.cfg 2016/06/04 v1.11 sample graphics configuration
)
Package graphics Info: Driver file: pdftex.def on input line 99.

(/usr/share/texlive/texmf-dist/tex/latex/graphics-def/pdftex.def
File: pdftex.def 2018/01/08 v1.0l Graphics/color driver for pdftex
))
\Gin@req@height=\dimen114
\Gin@req@width=\dimen115
)
(/usr/share/texlive/texmf-dist/tex/latex/pgf/systemlayer/pgfsys.sty
(/usr/share/texlive/texmf-dist/tex/generic/pgf/systemlayer/pgfsys.code.tex
Package: pgfsys 2014/07/09 v3.0.1a (rcs-revision 1.48)

(/usr/share/texlive/texmf-dist/tex/generic/pgf/utilities/pgfkeys.code.tex
\pgfkeys@pathtoks=\toks21
\pgfkeys@temptoks=\toks22

(/usr/share/texlive/texmf-dist/tex/generic/pgf/utilities/pgfkeysfiltered.code.t
ex
\pgfkeys@tmptoks=\toks23
))
\pgf@x=\dimen116
\pgf@y=\dimen117
\pgf@xa=\dimen118
\pgf@ya=\dimen119
\pgf@xb=\dimen120
\pgf@yb=\dimen121
\pgf@xc=\dimen122
\pgf@yc=\dimen123
\w@pgf@writea=\write3
\r@pgf@reada=\read1
\c@pgf@counta=\count101
\c@pgf@countb=\count102
\c@pgf@countc=\count103
\c@pgf@countd=\count104
\t@pgf@toka=\toks24
\t@pgf@tokb=\toks25
\t@pgf@tokc=\toks26
 (/usr/share/texlive/texmf-dist/tex/generic/pgf/systemlayer/pgf.cfg
File: pgf.cfg 2008/05/14  (rcs-revision 1.7)
)
Driver file for pgf: pgfsys-pdftex.def

(/usr/share/texlive/texmf-dist/tex/generic/pgf/systemlayer/pgfsys-pdftex.def
File: pgfsys-pdftex.def 2014/10/11  (rcs-revision 1.35)

(/usr/share/texlive/texmf-dist/tex/generic/pgf/systemlayer/pgfsys-common-pdf.de
f
File: pgfsys-common-pdf.def 2013/10/10  (rcs-revision 1.13)
)))
(/usr/share/texlive/texmf-dist/tex/generic/pgf/systemlayer/pgfsyssoftpath.code.
tex
File: pgfsyssoftpath.code.tex 2013/09/09  (rcs-revision 1.9)
\pgfsyssoftpath@smallbuffer@items=\count105
\pgfsyssoftpath@bigbuffer@items=\count106
)
(/usr/share/texlive/texmf-dist/tex/generic/pgf/systemlayer/pgfsysprotocol.code.
tex
File: pgfsysprotocol.code.tex 2006/10/16  (rcs-revision 1.4)
)) (/usr/share/texlive/texmf-dist/tex/latex/xcolor/xcolor.sty
Package: xcolor 2016/05/11 v2.12 LaTeX color extensions (UK)

(/usr/share/texlive/texmf-dist/tex/latex/graphics-cfg/color.cfg
File: color.cfg 2016/01/02 v1.6 sample color configuration
)
Package xcolor Info: Driver file: pdftex.def on input line 225.
Package xcolor Info: Model `cmy' substituted by `cmy0' on input line 1348.
Package xcolor Info: Model `hsb' substituted by `rgb' on input line 1352.
Package xcolor Info: Model `RGB' extended on input line 1364.
Package xcolor Info: Model `HTML' substituted by `rgb' on input line 1366.
Package xcolor Info: Model `Hsb' substituted by `hsb' on input line 1367.
Package xcolor Info: Model `tHsb' substituted by `hsb' on input line 1368.
Package xcolor Info: Model `HSB' substituted by `hsb' on input line 1369.
Package xcolor Info: Model `Gray' substituted by `gray' on input line 1370.
Package xcolor Info: Model `wave' substituted by `hsb' on input line 1371.
)
(/usr/share/texlive/texmf-dist/tex/generic/pgf/basiclayer/pgfcore.code.tex
Package: pgfcore 2010/04/11 v3.0.1a (rcs-revision 1.7)

(/usr/share/texlive/texmf-dist/tex/generic/pgf/math/pgfmath.code.tex
(/usr/share/texlive/texmf-dist/tex/generic/pgf/math/pgfmathcalc.code.tex
(/usr/share/texlive/texmf-dist/tex/generic/pgf/math/pgfmathutil.code.tex)
(/usr/share/texlive/texmf-dist/tex/generic/pgf/math/pgfmathparser.code.tex
\pgfmath@dimen=\dimen124
\pgfmath@count=\count107
\pgfmath@box=\box29
\pgfmath@toks=\toks27
\pgfmath@stack@operand=\toks28
\pgfmath@stack@operation=\toks29
)
(/usr/share/texlive/texmf-dist/tex/generic/pgf/math/pgfmathfunctions.code.tex
(/usr/share/texlive/texmf-dist/tex/generic/pgf/math/pgfmathfunctions.basic.code
.tex)
(/usr/share/texlive/texmf-dist/tex/generic/pgf/math/pgfmathfunctions.trigonomet
ric.code.tex)
(/usr/share/texlive/texmf-dist/tex/generic/pgf/math/pgfmathfunctions.random.cod
e.tex)
(/usr/share/texlive/texmf-dist/tex/generic/pgf/math/pgfmathfunctions.comparison
.code.tex)
(/usr/share/texlive/texmf-dist/tex/generic/pgf/math/pgfmathfunctions.base.code.
tex)
(/usr/share/texlive/texmf-dist/tex/generic/pgf/math/pgfmathfunctions.round.code
.tex)
(/usr/share/texlive/texmf-dist/tex/generic/pgf/math/pgfmathfunctions.misc.code.
tex)
(/usr/share/texlive/texmf-dist/tex/generic/pgf/math/pgfmathfunctions.integerari
thmetics.code.tex)))
(/usr/share/texlive/texmf-dist/tex/generic/pgf/math/pgfmathfloat.code.tex
\c@pgfmathroundto@lastzeros=\count108
))
(/usr/share/texlive/texmf-dist/tex/generic/pgf/basiclayer/pgfcorepoints.code.te
x
File: pgfcorepoints.code.tex 2013/10/07  (rcs-revision 1.27)
\pgf@picminx=\dimen125
\pgf@picmaxx=\dimen126
\pgf@picminy=\dimen127
\pgf@picmaxy=\dimen128
\pgf@pathminx=\dimen129
\pgf@pathmaxx=\dimen130
\pgf@pathminy=\dimen131
\pgf@pathmaxy=\dimen132
\pgf@xx=\dimen133
\pgf@xy=\dimen134
\pgf@yx=\dimen135
\pgf@yy=\dimen136
\pgf@zx=\dimen137
\pgf@zy=\dimen138
)
(/usr/share/texlive/texmf-dist/tex/generic/pgf/basiclayer/pgfcorepathconstruct.
code.tex
File: pgfcorepathconstruct.code.tex 2013/10/07  (rcs-revision 1.29)
\pgf@path@lastx=\dimen139
\pgf@path@lasty=\dimen140
)
(/usr/share/texlive/texmf-dist/tex/generic/pgf/basiclayer/pgfcorepathusage.code
.tex
File: pgfcorepathusage.code.tex 2014/11/02  (rcs-revision 1.24)
\pgf@shorten@end@additional=\dimen141
\pgf@shorten@start@additional=\dimen142
)
(/usr/share/texlive/texmf-dist/tex/generic/pgf/basiclayer/pgfcorescopes.code.te
x
File: pgfcorescopes.code.tex 2015/05/08  (rcs-revision 1.46)
\pgfpic=\box30
\pgf@hbox=\box31
\pgf@layerbox@main=\box32
\pgf@picture@serial@count=\count109
)
(/usr/share/texlive/texmf-dist/tex/generic/pgf/basiclayer/pgfcoregraphicstate.c
ode.tex
File: pgfcoregraphicstate.code.tex 2014/11/02  (rcs-revision 1.12)
\pgflinewidth=\dimen143
)
(/usr/share/texlive/texmf-dist/tex/generic/pgf/basiclayer/pgfcoretransformation
s.code.tex
File: pgfcoretransformations.code.tex 2015/08/07  (rcs-revision 1.20)
\pgf@pt@x=\dimen144
\pgf@pt@y=\dimen145
\pgf@pt@temp=\dimen146
)
(/usr/share/texlive/texmf-dist/tex/generic/pgf/basiclayer/pgfcorequick.code.tex
File: pgfcorequick.code.tex 2008/10/09  (rcs-revision 1.3)
)
(/usr/share/texlive/texmf-dist/tex/generic/pgf/basiclayer/pgfcoreobjects.code.t
ex
File: pgfcoreobjects.code.tex 2006/10/11  (rcs-revision 1.2)
)
(/usr/share/texlive/texmf-dist/tex/generic/pgf/basiclayer/pgfcorepathprocessing
.code.tex
File: pgfcorepathprocessing.code.tex 2013/09/09  (rcs-revision 1.9)
)
(/usr/share/texlive/texmf-dist/tex/generic/pgf/basiclayer/pgfcorearrows.code.te
x
File: pgfcorearrows.code.tex 2015/05/14  (rcs-revision 1.43)
\pgfarrowsep=\dimen147
)
(/usr/share/texlive/texmf-dist/tex/generic/pgf/basiclayer/pgfcoreshade.code.tex
File: pgfcoreshade.code.tex 2013/07/15  (rcs-revision 1.15)
\pgf@max=\dimen148
\pgf@sys@shading@range@num=\count110
)
(/usr/share/texlive/texmf-dist/tex/generic/pgf/basiclayer/pgfcoreimage.code.tex
File: pgfcoreimage.code.tex 2013/07/15  (rcs-revision 1.18)

(/usr/share/texlive/texmf-dist/tex/generic/pgf/basiclayer/pgfcoreexternal.code.
tex
File: pgfcoreexternal.code.tex 2014/07/09  (rcs-revision 1.21)
\pgfexternal@startupbox=\box33
))
(/usr/share/texlive/texmf-dist/tex/generic/pgf/basiclayer/pgfcorelayers.code.te
x
File: pgfcorelayers.code.tex 2013/07/18  (rcs-revision 1.7)
)
(/usr/share/texlive/texmf-dist/tex/generic/pgf/basiclayer/pgfcoretransparency.c
ode.tex
File: pgfcoretransparency.code.tex 2013/09/30  (rcs-revision 1.5)
)
(/usr/share/texlive/texmf-dist/tex/generic/pgf/basiclayer/pgfcorepatterns.code.
tex
File: pgfcorepatterns.code.tex 2013/11/07  (rcs-revision 1.5)
)))
(/usr/share/texlive/texmf-dist/tex/generic/pgf/modules/pgfmoduleshapes.code.tex
File: pgfmoduleshapes.code.tex 2014/03/21  (rcs-revision 1.35)
\pgfnodeparttextbox=\box34
) (/usr/share/texlive/texmf-dist/tex/generic/pgf/modules/pgfmoduleplot.code.tex
File: pgfmoduleplot.code.tex 2015/08/03  (rcs-revision 1.13)
)
(/usr/share/texlive/texmf-dist/tex/latex/pgf/compatibility/pgfcomp-version-0-65
.sty
Package: pgfcomp-version-0-65 2007/07/03 v3.0.1a (rcs-revision 1.7)
\pgf@nodesepstart=\dimen149
\pgf@nodesepend=\dimen150
)
(/usr/share/texlive/texmf-dist/tex/latex/pgf/compatibility/pgfcomp-version-1-18
.sty
Package: pgfcomp-version-1-18 2007/07/23 v3.0.1a (rcs-revision 1.1)
)) (/usr/share/texlive/texmf-dist/tex/latex/pgf/utilities/pgffor.sty
(/usr/share/texlive/texmf-dist/tex/latex/pgf/utilities/pgfkeys.sty
(/usr/share/texlive/texmf-dist/tex/generic/pgf/utilities/pgfkeys.code.tex))
(/usr/share/texlive/texmf-dist/tex/latex/pgf/math/pgfmath.sty
(/usr/share/texlive/texmf-dist/tex/generic/pgf/math/pgfmath.code.tex))
(/usr/share/texlive/texmf-dist/tex/generic/pgf/utilities/pgffor.code.tex
Package: pgffor 2013/12/13 v3.0.1a (rcs-revision 1.25)

(/usr/share/texlive/texmf-dist/tex/generic/pgf/math/pgfmath.code.tex)
\pgffor@iter=\dimen151
\pgffor@skip=\dimen152
\pgffor@stack=\toks30
\pgffor@toks=\toks31
))
(/usr/share/texlive/texmf-dist/tex/generic/pgf/frontendlayer/tikz/tikz.code.tex
Package: tikz 2015/08/07 v3.0.1a (rcs-revision 1.151)

(/usr/share/texlive/texmf-dist/tex/generic/pgf/libraries/pgflibraryplothandlers
.code.tex
File: pgflibraryplothandlers.code.tex 2013/08/31 v3.0.1a (rcs-revision 1.20)
\pgf@plot@mark@count=\count111
\pgfplotmarksize=\dimen153
)
\tikz@lastx=\dimen154
\tikz@lasty=\dimen155
\tikz@lastxsaved=\dimen156
\tikz@lastysaved=\dimen157
\tikzleveldistance=\dimen158
\tikzsiblingdistance=\dimen159
\tikz@figbox=\box35
\tikz@figbox@bg=\box36
\tikz@tempbox=\box37
\tikz@tempbox@bg=\box38
\tikztreelevel=\count112
\tikznumberofchildren=\count113
\tikznumberofcurrentchild=\count114
\tikz@fig@count=\count115

(/usr/share/texlive/texmf-dist/tex/generic/pgf/modules/pgfmodulematrix.code.tex
File: pgfmodulematrix.code.tex 2013/09/17  (rcs-revision 1.8)
\pgfmatrixcurrentrow=\count116
\pgfmatrixcurrentcolumn=\count117
\pgf@matrix@numberofcolumns=\count118
)
\tikz@expandcount=\count119

(/usr/share/texlive/texmf-dist/tex/generic/pgf/frontendlayer/tikz/libraries/tik
zlibrarytopaths.code.tex
File: tikzlibrarytopaths.code.tex 2008/06/17 v3.0.1a (rcs-revision 1.2)
))) (./p2.aux)
\openout1 = `p2.aux'.

LaTeX Font Info:    Checking defaults for OML/cmm/m/it on input line 4.
LaTeX Font Info:    ... okay on input line 4.
LaTeX Font Info:    Checking defaults for T1/cmr/m/n on input line 4.
LaTeX Font Info:    ... okay on input line 4.
LaTeX Font Info:    Checking defaults for OT1/cmr/m/n on input line 4.
LaTeX Font Info:    ... okay on input line 4.
LaTeX Font Info:    Checking defaults for OMS/cmsy/m/n on input line 4.
LaTeX Font Info:    ... okay on input line 4.
LaTeX Font Info:    Checking defaults for OMX/cmex/m/n on input line 4.
LaTeX Font Info:    ... okay on input line 4.
LaTeX Font Info:    Checking defaults for U/cmr/m/n on input line 4.
LaTeX Font Info:    ... okay on input line 4.
LaTeX Font Info:    Try loading font information for OT1+ppl on input line 4.

(/usr/share/texlive/texmf-dist/tex/latex/psnfss/ot1ppl.fd
File: ot1ppl.fd 2001/06/04 font definitions for OT1/ppl.
)
ABD: EveryShipout initializing macros
(/usr/share/texlive/texmf-dist/tex/context/base/mkii/supp-pdf.mkii
[Loading MPS to PDF converter (version 2006.09.02).]
\scratchcounter=\count120
\scratchdimen=\dimen160
\scratchbox=\box39
\nofMPsegments=\count121
\nofMParguments=\count122
\everyMPshowfont=\toks32
\MPscratchCnt=\count123
\MPscratchDim=\dimen161
\MPnumerator=\count124
\makeMPintoPDFobject=\count125
\everyMPtoPDFconversion=\toks33
) (/usr/share/texlive/texmf-dist/tex/latex/oberdiek/epstopdf-base.sty
Package: epstopdf-base 2016/05/15 v2.6 Base part for package epstopdf

(/usr/share/texlive/texmf-dist/tex/generic/oberdiek/infwarerr.sty
Package: infwarerr 2016/05/16 v1.4 Providing info/warning/error messages (HO)
)
(/usr/share/texlive/texmf-dist/tex/latex/oberdiek/grfext.sty
Package: grfext 2016/05/16 v1.2 Manage graphics extensions (HO)

(/usr/share/texlive/texmf-dist/tex/generic/oberdiek/kvdefinekeys.sty
Package: kvdefinekeys 2016/05/16 v1.4 Define keys (HO)

(/usr/share/texlive/texmf-dist/tex/generic/oberdiek/ltxcmds.sty
Package: ltxcmds 2016/05/16 v1.23 LaTeX kernel commands for general use (HO)
)))
(/usr/share/texlive/texmf-dist/tex/latex/oberdiek/kvoptions.sty
Package: kvoptions 2016/05/16 v3.12 Key value format for package options (HO)

(/usr/share/texlive/texmf-dist/tex/generic/oberdiek/kvsetkeys.sty
Package: kvsetkeys 2016/05/16 v1.17 Key value parser (HO)

(/usr/share/texlive/texmf-dist/tex/generic/oberdiek/etexcmds.sty
Package: etexcmds 2016/05/16 v1.6 Avoid name clashes with e-TeX commands (HO)

(/usr/share/texlive/texmf-dist/tex/generic/oberdiek/ifluatex.sty
Package: ifluatex 2016/05/16 v1.4 Provides the ifluatex switch (HO)
Package ifluatex Info: LuaTeX not detected.
)
Package etexcmds Info: Could not find \expanded.
(etexcmds)             That can mean that you are not using pdfTeX 1.50 or
(etexcmds)             that some package has redefined \expanded.
(etexcmds)             In the latter case, load this package earlier.
)))
(/usr/share/texlive/texmf-dist/tex/generic/oberdiek/pdftexcmds.sty
Package: pdftexcmds 2018/01/21 v0.26 Utility functions of pdfTeX for LuaTeX (HO
)

(/usr/share/texlive/texmf-dist/tex/generic/oberdiek/ifpdf.sty
Package: ifpdf 2017/03/15 v3.2 Provides the ifpdf switch
)
Package pdftexcmds Info: LuaTeX not detected.
Package pdftexcmds Info: \pdf@primitive is available.
Package pdftexcmds Info: \pdf@ifprimitive is available.
Package pdftexcmds Info: \pdfdraftmode found.
)
Package epstopdf-base Info: Redefining graphics rule for `.eps' on input line 4
38.
Package grfext Info: Graphics extension search list:
(grfext)             [.pdf,.png,.jpg,.mps,.jpeg,.jbig2,.jb2,.PDF,.PNG,.JPG,.JPE
G,.JBIG2,.JB2,.eps]
(grfext)             \AppendGraphicsExtensions on input line 456.

(/usr/share/texlive/texmf-dist/tex/latex/latexconfig/epstopdf-sys.cfg
File: epstopdf-sys.cfg 2010/07/13 v1.3 Configuration of (r)epstopdf for TeX Liv
e
))
LaTeX Font Info:    Try loading font information for OML+zplm on input line 5.

(/usr/share/texlive/texmf-dist/tex/latex/psnfss/omlzplm.fd
File: omlzplm.fd 2002/09/08 Fontinst v1.914 font definitions for OML/zplm.
)
LaTeX Font Info:    Try loading font information for OMS+zplm on input line 5.

(/usr/share/texlive/texmf-dist/tex/latex/psnfss/omszplm.fd
File: omszplm.fd 2002/09/08 Fontinst v1.914 font definitions for OMS/zplm.
)
LaTeX Font Info:    Try loading font information for OMX+zplm on input line 5.

(/usr/share/texlive/texmf-dist/tex/latex/psnfss/omxzplm.fd
File: omxzplm.fd 2002/09/08 Fontinst v1.914 font definitions for OMX/zplm.
)
LaTeX Font Info:    Try loading font information for OT1+zplm on input line 5.

(/usr/share/texlive/texmf-dist/tex/latex/psnfss/ot1zplm.fd
File: ot1zplm.fd 2002/09/08 Fontinst v1.914 font definitions for OT1/zplm.
)
Overfull \hbox (87.21pt too wide) detected at line 11
[]
 []

[1

{/var/lib/texmf/fonts/map/pdftex/updmap/pdftex.map}]
Overfull \vbox (107.3096pt too high) has occurred while \output is active []


[2]
Overfull \hbox (21.3198pt too wide) detected at line 21
[]
 []


Overfull \hbox (25.18098pt too wide) detected at line 36
[]
 []

[3]
Overfull \hbox (25.18098pt too wide) detected at line 54
[]
 []

[4]
Overfull \hbox (25.18098pt too wide) detected at line 72
[]
 []

[5]
Overfull \hbox (25.18098pt too wide) detected at line 90
[]
 []

[6]
Overfull \hbox (25.18098pt too wide) detected at line 108
[]
 []

[7]
Overfull \hbox (25.18098pt too wide) detected at line 126
[]
 []

[8]
Overfull \hbox (25.18098pt too wide) detected at line 143
[]
 []

[9]
Overfull \hbox (25.18098pt too wide) detected at line 161
[]
 []

[10]
Overfull \hbox (25.18098pt too wide) detected at line 179
[]
 []

[11]
Overfull \hbox (25.18098pt too wide) detected at line 197
[]
 []

[12]
Overfull \hbox (25.18098pt too wide) detected at line 215
[]
 []

[13]
Overfull \hbox (25.18098pt too wide) detected at line 233
[]
 []

[14]
Overfull \hbox (25.18098pt too wide) detected at line 250
[]
 []

[15]
Overfull \hbox (25.18098pt too wide) detected at line 268
[]
 []

[16]
Overfull \hbox (25.18098pt too wide) detected at line 286
[]
 []

[17]
Overfull \hbox (25.18098pt too wide) detected at line 304
[]
 []

[18]
Overfull \hbox (25.18098pt too wide) detected at line 322
[]
 []

[19]
Overfull \hbox (25.18098pt too wide) detected at line 340
[]
 []

[20]
Overfull \hbox (25.18098pt too wide) detected at line 356
[]
 []

[21]
Overfull \hbox (25.18098pt too wide) detected at line 374
[]
 []

[22]
Overfull \hbox (25.18098pt too wide) detected at line 392
[]
 []

[23]
Overfull \hbox (25.18098pt too wide) detected at line 410
[]
 []

[24]
Overfull \hbox (25.18098pt too wide) detected at line 428
[]
 []

[25]
Overfull \hbox (25.18098pt too wide) detected at line 446
[]
 []

[26]
Overfull \hbox (25.18098pt too wide) detected at line 463
[]
 []

[27]
Overfull \hbox (25.18098pt too wide) detected at line 481
[]
 []

[28]
Overfull \hbox (25.18098pt too wide) detected at line 499
[]
 []

[29]
Overfull \hbox (25.18098pt too wide) detected at line 517
[]
 []

[30]
Overfull \hbox (25.18098pt too wide) detected at line 535
[]
 []

[31]
Overfull \hbox (25.18098pt too wide) detected at line 553
[]
 []

[32]
Overfull \hbox (25.18098pt too wide) detected at line 570
[]
 []

[33]
Overfull \hbox (25.18098pt too wide) detected at line 588
[]
 []

[34]
Overfull \hbox (25.18098pt too wide) detected at line 606
[]
 []

[35]
Overfull \hbox (25.18098pt too wide) detected at line 624
[]
 []

[36]
Overfull \hbox (25.18098pt too wide) detected at line 642
[]
 []

[37]
Overfull \hbox (25.18098pt too wide) detected at line 660
[]
 []

[38]
Overfull \hbox (25.18098pt too wide) detected at line 677
[]
 []

[39]
Overfull \hbox (25.18098pt too wide) detected at line 695
[]
 []

[40]
Overfull \hbox (25.18098pt too wide) detected at line 713
[]
 []

[41]
Overfull \hbox (25.18098pt too wide) detected at line 731
[]
 []

[42]
Overfull \hbox (25.18098pt too wide) detected at line 749
[]
 []

[43]
Overfull \hbox (25.18098pt too wide) detected at line 767
[]
 []

[44]
Overfull \hbox (25.18098pt too wide) detected at line 783
[]
 []

[45]
Overfull \hbox (25.18098pt too wide) detected at line 801
[]
 []

[46]
Overfull \hbox (25.18098pt too wide) detected at line 819
[]
 []

[47]
Overfull \hbox (25.18098pt too wide) detected at line 837
[]
 []

[48]
Overfull \hbox (25.18098pt too wide) detected at line 855
[]
 []

[49]
Overfull \hbox (25.18098pt too wide) detected at line 873
[]
 []

[50]
Overfull \hbox (25.18098pt too wide) detected at line 890
[]
 []

[51]
Overfull \hbox (25.18098pt too wide) detected at line 908
[]
 []

[52]
Overfull \hbox (25.18098pt too wide) detected at line 926
[]
 []

[53]
Overfull \hbox (25.18098pt too wide) detected at line 944
[]
 []

[54]
Overfull \hbox (25.18098pt too wide) detected at line 962
[]
 []

[55]
Overfull \hbox (25.18098pt too wide) detected at line 980
[]
 []

[56]
Overfull \hbox (25.18098pt too wide) detected at line 997
[]
 []

[57]
Overfull \hbox (25.18098pt too wide) detected at line 1015
[]
 []

[58]
Overfull \hbox (25.18098pt too wide) detected at line 1033
[]
 []

[59]
Overfull \hbox (25.18098pt too wide) detected at line 1051
[]
 []

[60]
Overfull \hbox (25.18098pt too wide) detected at line 1069
[]
 []

[61]
Overfull \hbox (25.18098pt too wide) detected at line 1087
[]
 []

[62]
Overfull \hbox (25.18098pt too wide) detected at line 1103
[]
 []

[63]
Overfull \hbox (25.18098pt too wide) detected at line 1121
[]
 []

[64]
Overfull \hbox (25.18098pt too wide) detected at line 1139
[]
 []

[65]
Overfull \hbox (25.18098pt too wide) detected at line 1157
[]
 []

[66]
Overfull \hbox (25.18098pt too wide) detected at line 1175
[]
 []

[67]
Overfull \hbox (25.18098pt too wide) detected at line 1193
[]
 []

[68]
Overfull \hbox (25.18098pt too wide) detected at line 1210
[]
 []

[69]
Overfull \hbox (25.18098pt too wide) detected at line 1228
[]
 []

[70]
Overfull \hbox (25.18098pt too wide) detected at line 1246
[]
 []

[71]
Overfull \hbox (25.18098pt too wide) detected at line 1264
[]
 []

[72]
Overfull \hbox (25.18098pt too wide) detected at line 1282
[]
 []

[73]
Overfull \hbox (25.18098pt too wide) detected at line 1300
[]
 []

[74]
Overfull \hbox (25.18098pt too wide) detected at line 1317
[]
 []

[75]
Overfull \hbox (25.18098pt too wide) detected at line 1335
[]
 []

[76]
Overfull \hbox (25.18098pt too wide) detected at line 1353
[]
 []

[77]
Overfull \hbox (25.18098pt too wide) detected at line 1371
[]
 []

[78]
Overfull \hbox (25.18098pt too wide) detected at line 1389
[]
 []

[79]
Overfull \hbox (25.18098pt too wide) detected at line 1407
[]
 []

[80]
Overfull \hbox (25.18098pt too wide) detected at line 1424
[]
 []

[81]
Overfull \hbox (25.18098pt too wide) detected at line 1442
[]
 []

[82]
Overfull \hbox (25.18098pt too wide) detected at line 1460
[]
 []

[83]
Overfull \hbox (25.18098pt too wide) detected at line 1478
[]
 []

[84]
Overfull \hbox (25.18098pt too wide) detected at line 1496
[]
 []

[85]
Overfull \hbox (25.18098pt too wide) detected at line 1514
[]
 []

[86]
Overfull \hbox (25.18098pt too wide) detected at line 1530
[]
 []

[87]
Overfull \hbox (25.18098pt too wide) detected at line 1548
[]
 []

[88]
Overfull \hbox (25.18098pt too wide) detected at line 1566
[]
 []

[89]
Overfull \hbox (25.18098pt too wide) detected at line 1584
[]
 []

[90]
Overfull \hbox (25.18098pt too wide) detected at line 1602
[]
 []

[91]
Overfull \hbox (25.18098pt too wide) detected at line 1620
[]
 []

[92]
Overfull \hbox (25.18098pt too wide) detected at line 1637
[]
 []

[93]
Overfull \hbox (25.18098pt too wide) detected at line 1655
[]
 []

[94]
Overfull \hbox (25.18098pt too wide) detected at line 1673
[]
 []

[95]
Overfull \hbox (25.18098pt too wide) detected at line 1691
[]
 []

[96]
Overfull \hbox (25.18098pt too wide) detected at line 1709
[]
 []

[97]
Overfull \hbox (25.18098pt too wide) detected at line 1727
[]
 []

[98]
Overfull \hbox (25.18098pt too wide) detected at line 1744
[]
 []

[99]
Overfull \hbox (25.18098pt too wide) detected at line 1762
[]
 []

[100]
Overfull \hbox (25.18098pt too wide) detected at line 1780
[]
 []

[101]
Overfull \hbox (25.18098pt too wide) detected at line 1798
[]
 []

[102]
Overfull \hbox (25.18098pt too wide) detected at line 1816
[]
 []

[103]
Overfull \hbox (25.18098pt too wide) detected at line 1834
[]
 []

[104]
Overfull \hbox (25.18098pt too wide) detected at line 1850
[]
 []

[105]
Overfull \hbox (25.18098pt too wide) detected at line 1868
[]
 []

[106]
Overfull \hbox (25.18098pt too wide) detected at line 1886
[]
 []

[107]
Overfull \hbox (25.18098pt too wide) detected at line 1904
[]
 []

[108]
Overfull \hbox (25.18098pt too wide) detected at line 1922
[]
 []

[109]
Overfull \hbox (25.18098pt too wide) detected at line 1940
[]
 []

[110]
Overfull \hbox (25.18098pt too wide) detected at line 1956
[]
 []

[111]
Overfull \hbox (25.18098pt too wide) detected at line 1974
[]
 []

[112]
Overfull \hbox (25.18098pt too wide) detected at line 1992
[]
 []

[113]
Overfull \hbox (25.18098pt too wide) detected at line 2010
[]
 []

[114]
Overfull \hbox (25.18098pt too wide) detected at line 2028
[]
 []

[115]
Overfull \hbox (25.18098pt too wide) detected at line 2046
[]
 []

[116]
Overfull \hbox (25.18098pt too wide) detected at line 2063
[]
 []

[117]
Overfull \hbox (25.18098pt too wide) detected at line 2081
[]
 []

[118]
Overfull \hbox (25.18098pt too wide) detected at line 2099
[]
 []

[119]
Overfull \hbox (25.18098pt too wide) detected at line 2117
[]
 []

[120]
Overfull \hbox (25.18098pt too wide) detected at line 2135
[]
 []

[121]
Overfull \hbox (25.18098pt too wide) detected at line 2153
[]
 []

[122]
Overfull \hbox (25.18098pt too wide) detected at line 2170
[]
 []

[123]
Overfull \hbox (25.18098pt too wide) detected at line 2188
[]
 []

[124]
Overfull \hbox (25.18098pt too wide) detected at line 2206
[]
 []

[125]
Overfull \hbox (25.18098pt too wide) detected at line 2224
[]
 []

[126]
Overfull \hbox (25.18098pt too wide) detected at line 2242
[]
 []

[127]
Overfull \hbox (25.18098pt too wide) detected at line 2260
[]
 []

[128]
Overfull \hbox (25.18098pt too wide) detected at line 2276
[]
 []

[129]
Overfull \hbox (25.18098pt too wide) detected at line 2294
[]
 []

[130]
Overfull \hbox (25.18098pt too wide) detected at line 2312
[]
 []

[131]
Overfull \hbox (25.18098pt too wide) detected at line 2330
[]
 []

[132]
Overfull \hbox (25.18098pt too wide) detected at line 2348
[]
 []

[133]
Overfull \hbox (25.18098pt too wide) detected at line 2366
[]
 []

[134]
Overfull \hbox (25.18098pt too wide) detected at line 2383
[]
 []

[135]
Overfull \hbox (25.18098pt too wide) detected at line 2401
[]
 []

[136]
Overfull \hbox (25.18098pt too wide) detected at line 2419
[]
 []

[137]
Overfull \hbox (25.18098pt too wide) detected at line 2437
[]
 []

[138]
Overfull \hbox (25.18098pt too wide) detected at line 2455
[]
 []

[139]
Overfull \hbox (25.18098pt too wide) detected at line 2473
[]
 []

[140]
Overfull \hbox (25.18098pt too wide) detected at line 2490
[]
 []

[141]
Overfull \hbox (25.18098pt too wide) detected at line 2508
[]
 []

[142]
Overfull \hbox (25.18098pt too wide) detected at line 2526
[]
 []

[143]
Overfull \hbox (25.18098pt too wide) detected at line 2544
[]
 []

[144]
Overfull \hbox (25.18098pt too wide) detected at line 2562
[]
 []

[145]
Overfull \hbox (25.18098pt too wide) detected at line 2580
[]
 []

[146]
Overfull \hbox (25.18098pt too wide) detected at line 2597
[]
 []

[147]
Overfull \hbox (25.18098pt too wide) detected at line 2615
[]
 []

[148]
Overfull \hbox (25.18098pt too wide) detected at line 2633
[]
 []

[149]
Overfull \hbox (25.18098pt too wide) detected at line 2651
[]
 []

[150]
Overfull \hbox (25.18098pt too wide) detected at line 2669
[]
 []

[151]
Overfull \hbox (25.18098pt too wide) detected at line 2687
[]
 []

[152]
Overfull \hbox (25.18098pt too wide) detected at line 2703
[]
 []

[153]
Overfull \hbox (25.18098pt too wide) detected at line 2721
[]
 []

[154]
Overfull \hbox (25.18098pt too wide) detected at line 2739
[]
 []

[155]
Overfull \hbox (25.18098pt too wide) detected at line 2757
[]
 []

[156]
Overfull \hbox (25.18098pt too wide) detected at line 2775
[]
 []

[157]
Overfull \hbox (25.18098pt too wide) detected at line 2793
[]
 []

[158]
Overfull \hbox (25.18098pt too wide) detected at line 2810
[]
 []

[159]
Overfull \hbox (25.18098pt too wide) detected at line 2828
[]
 []

[160]
Overfull \hbox (25.18098pt too wide) detected at line 2846
[]
 []

[161]
Overfull \hbox (25.18098pt too wide) detected at line 2864
[]
 []

[162]
Overfull \hbox (25.18098pt too wide) detected at line 2882
[]
 []

[163]
Overfull \hbox (25.18098pt too wide) detected at line 2900
[]
 []

[164]
Overfull \hbox (25.18098pt too wide) detected at line 2917
[]
 []

[165]
Overfull \hbox (25.18098pt too wide) detected at line 2935
[]
 []

[166]
Overfull \hbox (25.18098pt too wide) detected at line 2953
[]
 []

[167]
Overfull \hbox (25.18098pt too wide) detected at line 2971
[]
 []

[168]
Overfull \hbox (25.18098pt too wide) detected at line 2989
[]
 []

[169]
Overfull \hbox (25.18098pt too wide) detected at line 3007
[]
 []

[170]
Overfull \hbox (25.18098pt too wide) detected at line 3023
[]
 []

[171]
Overfull \hbox (25.18098pt too wide) detected at line 3041
[]
 []

[172]
Overfull \hbox (25.18098pt too wide) detected at line 3059
[]
 []

[173]
Overfull \hbox (25.18098pt too wide) detected at line 3077
[]
 []

[174]
Overfull \hbox (25.18098pt too wide) detected at line 3095
[]
 []

[175]
Overfull \hbox (25.18098pt too wide) detected at line 3113
[]
 []

[176]
Overfull \hbox (25.18098pt too wide) detected at line 3130
[]
 []

[177]
Overfull \hbox (25.18098pt too wide) detected at line 3148
[]
 []

[178]
Overfull \hbox (25.18098pt too wide) detected at line 3166
[]
 []

[179]
Overfull \hbox (25.18098pt too wide) detected at line 3184
[]
 []

[180]
Overfull \hbox (25.18098pt too wide) detected at line 3202
[]
 []

[181]
Overfull \hbox (25.18098pt too wide) detected at line 3220
[]
 []

[182]
Overfull \hbox (25.18098pt too wide) detected at line 3237
[]
 []

[183]
Overfull \hbox (25.18098pt too wide) detected at line 3255
[]
 []

[184]
Overfull \hbox (25.18098pt too wide) detected at line 3273
[]
 []

[185]
Overfull \hbox (25.18098pt too wide) detected at line 3291
[]
 []

[186]
Overfull \hbox (25.18098pt too wide) detected at line 3309
[]
 []

[187]
Overfull \hbox (25.18098pt too wide) detected at line 3327
[]
 []

[188]
Overfull \hbox (25.18098pt too wide) detected at line 3344
[]
 []

[189]
Overfull \hbox (25.18098pt too wide) detected at line 3362
[]
 []

[190]
Overfull \hbox (25.18098pt too wide) detected at line 3380
[]
 []

[191]
Overfull \hbox (25.18098pt too wide) detected at line 3398
[]
 []

[192]
Overfull \hbox (25.18098pt too wide) detected at line 3416
[]
 []

[193]
Overfull \hbox (25.18098pt too wide) detected at line 3434
[]
 []

[194]
Overfull \hbox (25.18098pt too wide) detected at line 3450
[]
 []

[195]
Overfull \hbox (25.18098pt too wide) detected at line 3468
[]
 []

[196]
Overfull \hbox (25.18098pt too wide) detected at line 3486
[]
 []

[197]
Overfull \hbox (25.18098pt too wide) detected at line 3504
[]
 []

[198]
Overfull \hbox (25.18098pt too wide) detected at line 3522
[]
 []

[199]
Overfull \hbox (25.18098pt too wide) detected at line 3540
[]
 []

[200]
Overfull \hbox (25.18098pt too wide) detected at line 3557
[]
 []

[201]
Overfull \hbox (25.18098pt too wide) detected at line 3575
[]
 []

[202]
Overfull \hbox (25.18098pt too wide) detected at line 3593
[]
 []

[203]
Overfull \hbox (25.18098pt too wide) detected at line 3611
[]
 []

[204]
Overfull \hbox (25.18098pt too wide) detected at line 3629
[]
 []

[205]
Overfull \hbox (25.18098pt too wide) detected at line 3647
[]
 []

[206]
Overfull \hbox (25.18098pt too wide) detected at line 3664
[]
 []

[207]
Overfull \hbox (25.18098pt too wide) detected at line 3682
[]
 []

[208]
Overfull \hbox (25.18098pt too wide) detected at line 3700
[]
 []

[209]
Overfull \hbox (25.18098pt too wide) detected at line 3718
[]
 []

[210]
Overfull \hbox (25.18098pt too wide) detected at line 3736
[]
 []

[211]
Overfull \hbox (25.18098pt too wide) detected at line 3754
[]
 []

[212]
Overfull \hbox (25.18098pt too wide) detected at line 3770
[]
 []

[213]
Overfull \hbox (25.18098pt too wide) detected at line 3788
[]
 []

[214]
Overfull \hbox (25.18098pt too wide) detected at line 3806
[]
 []

[215]
Overfull \hbox (25.18098pt too wide) detected at line 3824
[]
 []

[216]
Overfull \hbox (25.18098pt too wide) detected at line 3842
[]
 []

[217]
Overfull \hbox (25.18098pt too wide) detected at line 3860
[]
 []

[218] [219] (./p2.aux) ) 
Here is how much of TeX's memory you used:
 12078 strings out of 492982
 240380 string characters out of 6134896
 288067 words of memory out of 5000000
 15393 multiletter control sequences out of 15000+600000
 17027 words of font info for 48 fonts, out of 8000000 for 9000
 1141 hyphenation exceptions out of 8191
 55i,9n,54p,2435b,130s stack positions out of 5000i,500n,10000p,200000b,80000s
{/usr/share/texlive/texmf-dist/fonts/enc/dvips/base/8r.
enc}</usr/share/texlive/texmf-dist/fonts/type1/public/amsfonts/cm/cmr10.pfb></u
sr/share/texlive/texmf-dist/fonts/type1/public/amsfonts/cm/cmsy10.pfb></usr/sha
re/texlive/texmf-dist/fonts/type1/public/mathpazo/fplmri.pfb></usr/share/texliv
e/texmf-dist/fonts/type1/urw/palatino/uplr8a.pfb></usr/share/texlive/texmf-dist
/fonts/type1/urw/palatino/uplri8a.pfb>
Output written on p2.pdf (219 pages, 576461 bytes).
PDF statistics:
 737 PDF objects out of 1000 (max. 8388607)
 505 compressed objects within 6 object streams
 0 named destinations out of 1000 (max. 500000)
 13 words of extra memory for PDF output out of 10000 (max. 10000000)

